Base path: /Applications/Unity/Unity.app/Contents
Cmd: initializeCompiler
Cmd: translateComputeKernel
  api=14 insize=12641 outsize=24561 ok=1
Cmd: compileComputeKernel
  api=14 insize=10453 outsize=5085 ok=1
Cmd: translateComputeKernel
  api=14 insize=5085 outsize=9009 ok=1
Cmd: compileComputeKernel
  api=14 insize=1386 outsize=6429 ok=1
Cmd: compileComputeKernel
  api=14 insize=3182 outsize=8185 ok=1
Cmd: translateComputeKernel
  api=14 insize=7849 outsize=5241 ok=1
Cmd: compileComputeKernel
  error: 1 plat 14 at TextureToBufferShader.compute(21): pow(f, e) will not work for negative f, use abs(f) or conditionally handle negative values if you expect them
  api=14 insize=1150 outsize=2585 ok=1
Cmd: translateComputeKernel
  api=14 insize=7253 outsize=3137 ok=1
Unhandled exception: Protocol error - unexpected end of data (did the Editor crash?)

Quitting shader compiler process
